Building kafka
Step 1/14 : FROM openjdk:8u212-jre-alpine
 ---> f7a292bbb70c
Step 2/14 : ARG kafka_version=2.3.0
 ---> Using cache
 ---> 5fcc61cf9273
Step 3/14 : ARG scala_version=2.12
 ---> Using cache
 ---> d63735a16c16
Step 4/14 : ARG glibc_version=2.29-r0
 ---> Using cache
 ---> ff7e2fd9cb2f
Step 5/14 : ARG vcs_ref=unspecified
 ---> Using cache
 ---> d6623a41a50d
Step 6/14 : ARG build_date=unspecified
 ---> Using cache
 ---> e42489d26317
Step 7/14 : LABEL org.label-schema.name="kafka"       org.label-schema.description="Apache Kafka"       org.label-schema.build-date="${build_date}"       org.label-schema.vcs-url="https://github.com/wurstmeister/kafka-docker"       org.label-schema.vcs-ref="${vcs_ref}"       org.label-schema.version="${scala_version}_${kafka_version}"       org.label-schema.schema-version="1.0"       maintainer="wurstmeister"
 ---> Using cache
 ---> 20568771e050
Step 8/14 : ENV KAFKA_VERSION=$kafka_version     SCALA_VERSION=$scala_version     KAFKA_HOME=/opt/kafka     GLIBC_VERSION=$glibc_version
 ---> Using cache
 ---> 9b3d1bb588b0
Step 9/14 : ENV PATH=${PATH}:${KAFKA_HOME}/bin
 ---> Using cache
 ---> bc2a255b555b
Step 10/14 : COPY download-kafka.sh start-kafka.sh broker-list.sh create-topics.sh versions.sh /tmp/
 ---> Using cache
 ---> c0bf3beaf34e
Step 11/14 : RUN apk add --no-cache bash curl jq docker  && chmod a+x /tmp/*.sh  && mv /tmp/start-kafka.sh /tmp/broker-list.sh /tmp/create-topics.sh /tmp/versions.sh /usr/bin  && sync && /tmp/download-kafka.sh  && tar xfz /tmp/kafka_${SCALA_VERSION}-${KAFKA_VERSION}.tgz -C /opt  && rm /tmp/kafka_${SCALA_VERSION}-${KAFKA_VERSION}.tgz  && ln -s /opt/kafka_${SCALA_VERSION}-${KAFKA_VERSION} ${KAFKA_HOME}  && rm /tmp/*  && wget https://github.com/sgerrand/alpine-pkg-glibc/releases/download/${GLIBC_VERSION}/glibc-${GLIBC_VERSION}.apk  && apk add --no-cache --allow-untrusted glibc-${GLIBC_VERSION}.apk  && rm glibc-${GLIBC_VERSION}.apk
 ---> Using cache
 ---> 26d7d68a1840
Step 12/14 : COPY overrides /opt/overrides
 ---> Using cache
 ---> ab8c201dc5a6
Step 13/14 : VOLUME ["/kafka"]
 ---> Using cache
 ---> 5dcc35701c4c
Step 14/14 : CMD ["start-kafka.sh"]
 ---> Using cache
 ---> d57eff6f93b6
Successfully built d57eff6f93b6
Successfully tagged docker_kafka:latest
Creating docker_zookeeper_1 ... 
Creating docker_kafka_1     ... 
[2A[2KCreating docker_zookeeper_1 ... [32mdone[0m[2B[1A[2KCreating docker_kafka_1     ... [32mdone[0m[1B